# JRE version: 7.0_21-b02
# Java VM: OpenJDK 64-Bit Server VM (23.7-b01 mixed mode linux-amd64 compressed oops)
Heap
 PSYoungGen      total 24192K, used 15057K [0x00000007d7000000, 0x00000007d8e60000, 0x0000000800000000)
  eden space 24128K, 62% used [0x00000007d7000000,0x00000007d7eac4a8,0x00000007d8790000)
  from space 64K, 50% used [0x00000007d8e50000,0x00000007d8e58000,0x00000007d8e60000)
  to   space 1024K, 0% used [0x00000007d8c60000,0x00000007d8c60000,0x00000007d8d60000)
 ParOldGen       total 83968K, used 640K [0x0000000785000000, 0x000000078a200000, 0x00000007d7000000)
  object space 83968K, 0% used [0x0000000785000000,0x00000007850a0080,0x000000078a200000)
 PSPermGen       total 21248K, used 6294K [0x000000077aa00000, 0x000000077bec0000, 0x0000000785000000)
  object space 21248K, 29% used [0x000000077aa00000,0x000000077b025a80,0x000000077bec0000)
GC Heap History (10 events):
Event: 62.354 GC heap before
{Heap before GC invocations=12 (full 0):
 PSYoungGen      total 27904K, used 26848K [0x00000007d7000000, 0x00000007d9150000, 0x0000000800000000)
  eden space 26816K, 100% used [0x00000007d7000000,0x00000007d8a30000,0x00000007d8a30000)
  from space 1088K, 2% used [0x00000007d8f30000,0x00000007d8f38000,0x00000007d9040000)
  to   space 1088K, 0% used [0x00000007d9040000,0x00000007d9040000,0x00000007d9150000)
 ParOldGen       total 83968K, used 640K [0x0000000785000000, 0x000000078a200000, 0x00000007d7000000)
  object space 83968K, 0% used [0x0000000785000000,0x00000007850a0080,0x000000078a200000)
 PSPermGen       total 21248K, used 6294K [0x000000077aa00000, 0x000000077bec0000, 0x0000000785000000)
  object space 21248K, 29% used [0x000000077aa00000,0x000000077b025a80,0x000000077bec0000)
Event: 62.354 GC heap after
Heap after GC invocations=12 (full 0):
 PSYoungGen      total 26304K, used 0K [0x00000007d7000000, 0x00000007d9050000, 0x0000000800000000)
  eden space 26240K, 0% used [0x00000007d7000000,0x00000007d7000000,0x00000007d89a0000)
  from space 64K, 0% used [0x00000007d9040000,0x00000007d9040000,0x00000007d9050000)
  to   space 1088K, 0% used [0x00000007d8e30000,0x00000007d8e30000,0x00000007d8f40000)
 ParOldGen       total 83968K, used 640K [0x0000000785000000, 0x000000078a200000, 0x00000007d7000000)
  object space 83968K, 0% used [0x0000000785000000,0x00000007850a0080,0x000000078a200000)
 PSPermGen       total 21248K, used 6294K [0x000000077aa00000, 0x000000077bec0000, 0x0000000785000000)
  object space 21248K, 29% used [0x000000077aa00000,0x000000077b025a80,0x000000077bec0000)
}
Event: 67.533 GC heap before
{Heap before GC invocations=13 (full 0):
 PSYoungGen      total 26304K, used 26240K [0x00000007d7000000, 0x00000007d9050000, 0x0000000800000000)
  eden space 26240K, 100% used [0x00000007d7000000,0x00000007d89a0000,0x00000007d89a0000)
  from space 64K, 0% used [0x00000007d9040000,0x00000007d9040000,0x00000007d9050000)
  to   space 1088K, 0% used [0x00000007d8e30000,0x00000007d8e30000,0x00000007d8f40000)
 ParOldGen       total 83968K, used 640K [0x0000000785000000, 0x000000078a200000, 0x00000007d7000000)
  object space 83968K, 0% used [0x0000000785000000,0x00000007850a0080,0x000000078a200000)
 PSPermGen       total 21248K, used 6294K [0x000000077aa00000, 0x000000077bec0000, 0x0000000785000000)
  object space 21248K, 29% used [0x000000077aa00000,0x000000077b025a80,0x000000077bec0000)
Event: 67.534 GC heap after
Heap after GC invocations=13 (full 0):
 PSYoungGen      total 26752K, used 0K [0x00000007d7000000, 0x00000007d9050000, 0x0000000800000000)
  eden space 25664K, 0% used [0x00000007d7000000,0x00000007d7000000,0x00000007d8910000)
  from space 1088K, 0% used [0x00000007d8e30000,0x00000007d8e30000,0x00000007d8f40000)
  to   space 1088K, 0% used [0x00000007d8f40000,0x00000007d8f40000,0x00000007d9050000)
 ParOldGen       total 83968K, used 640K [0x0000000785000000, 0x000000078a200000, 0x00000007d7000000)
  object space 83968K, 0% used [0x0000000785000000,0x00000007850a0080,0x000000078a200000)
 PSPermGen       total 21248K, used 6294K [0x000000077aa00000, 0x000000077bec0000, 0x0000000785000000)
  object space 21248K, 29% used [0x000000077aa00000,0x000000077b025a80,0x000000077bec0000)
}
Event: 72.728 GC heap before
{Heap before GC invocations=14 (full 0):
 PSYoungGen      total 26752K, used 25664K [0x00000007d7000000, 0x00000007d9050000, 0x0000000800000000)
  eden space 25664K, 100% used [0x00000007d7000000,0x00000007d8910000,0x00000007d8910000)
  from space 1088K, 0% used [0x00000007d8e30000,0x00000007d8e30000,0x00000007d8f40000)
  to   space 1088K, 0% used [0x00000007d8f40000,0x00000007d8f40000,0x00000007d9050000)
 ParOldGen       total 83968K, used 640K [0x0000000785000000, 0x000000078a200000, 0x00000007d7000000)
  object space 83968K, 0% used [0x0000000785000000,0x00000007850a0080,0x000000078a200000)
 PSPermGen       total 21248K, used 6294K [0x000000077aa00000, 0x000000077bec0000, 0x0000000785000000)
  object space 21248K, 29% used [0x000000077aa00000,0x000000077b025a80,0x000000077bec0000)
Event: 72.729 GC heap after
Heap after GC invocations=14 (full 0):
 PSYoungGen      total 25216K, used 64K [0x00000007d7000000, 0x00000007d8f50000, 0x0000000800000000)
  eden space 25152K, 0% used [0x00000007d7000000,0x00000007d7000000,0x00000007d8890000)
  from space 64K, 100% used [0x00000007d8f40000,0x00000007d8f50000,0x00000007d8f50000)
  to   space 1088K, 0% used [0x00000007d8d30000,0x00000007d8d30000,0x00000007d8e40000)
 ParOldGen       total 83968K, used 640K [0x0000000785000000, 0x000000078a200000, 0x00000007d7000000)
  object space 83968K, 0% used [0x0000000785000000,0x00000007850a0080,0x000000078a200000)
 PSPermGen       total 21248K, used 6294K [0x000000077aa00000, 0x000000077bec0000, 0x0000000785000000)
  object space 21248K, 29% used [0x000000077aa00000,0x000000077b025a80,0x000000077bec0000)
}
Event: 77.852 GC heap before
{Heap before GC invocations=15 (full 0):
 PSYoungGen      total 25216K, used 25216K [0x00000007d7000000, 0x00000007d8f50000, 0x0000000800000000)
  eden space 25152K, 100% used [0x00000007d7000000,0x00000007d8890000,0x00000007d8890000)
  from space 64K, 100% used [0x00000007d8f40000,0x00000007d8f50000,0x00000007d8f50000)
  to   space 1088K, 0% used [0x00000007d8d30000,0x00000007d8d30000,0x00000007d8e40000)
 ParOldGen       total 83968K, used 640K [0x0000000785000000, 0x000000078a200000, 0x00000007d7000000)
  object space 83968K, 0% used [0x0000000785000000,0x00000007850a0080,0x000000078a200000)
 PSPermGen       total 21248K, used 6294K [0x000000077aa00000, 0x000000077bec0000, 0x0000000785000000)
  object space 21248K, 29% used [0x000000077aa00000,0x000000077b025a80,0x000000077bec0000)
Event: 77.852 GC heap after
Heap after GC invocations=15 (full 0):
 PSYoungGen      total 25728K, used 96K [0x00000007d7000000, 0x00000007d8f50000, 0x0000000800000000)
  eden space 24640K, 0% used [0x00000007d7000000,0x00000007d7000000,0x00000007d8810000)
  from space 1088K, 8% used [0x00000007d8d30000,0x00000007d8d48000,0x00000007d8e40000)
  to   space 1024K, 0% used [0x00000007d8e50000,0x00000007d8e50000,0x00000007d8f50000)
 ParOldGen       total 83968K, used 640K [0x0000000785000000, 0x000000078a200000, 0x00000007d7000000)
  object space 83968K, 0% used [0x0000000785000000,0x00000007850a0080,0x000000078a200000)
 PSPermGen       total 21248K, used 6294K [0x000000077aa00000, 0x000000077bec0000, 0x0000000785000000)
  object space 21248K, 29% used [0x000000077aa00000,0x000000077b025a80,0x000000077bec0000)
}
Event: 82.881 GC heap before
{Heap before GC invocations=16 (full 0):
 PSYoungGen      total 25728K, used 24736K [0x00000007d7000000, 0x00000007d8f50000, 0x0000000800000000)
  eden space 24640K, 100% used [0x00000007d7000000,0x00000007d8810000,0x00000007d8810000)
  from space 1088K, 8% used [0x00000007d8d30000,0x00000007d8d48000,0x00000007d8e40000)
  to   space 1024K, 0% used [0x00000007d8e50000,0x00000007d8e50000,0x00000007d8f50000)
 ParOldGen       total 83968K, used 640K [0x0000000785000000, 0x000000078a200000, 0x00000007d7000000)
  object space 83968K, 0% used [0x0000000785000000,0x00000007850a0080,0x000000078a200000)
 PSPermGen       total 21248K, used 6294K [0x000000077aa00000, 0x000000077bec0000, 0x0000000785000000)
  object space 21248K, 29% used [0x000000077aa00000,0x000000077b025a80,0x000000077bec0000)
Event: 82.882 GC heap after
Heap after GC invocations=16 (full 0):
 PSYoungGen      total 24192K, used 32K [0x00000007d7000000, 0x00000007d8e60000, 0x0000000800000000)
  eden space 24128K, 0% used [0x00000007d7000000,0x00000007d7000000,0x00000007d8790000)
  from space 64K, 50% used [0x00000007d8e50000,0x00000007d8e58000,0x00000007d8e60000)
  to   space 1024K, 0% used [0x00000007d8c60000,0x00000007d8c60000,0x00000007d8d60000)
 ParOldGen       total 83968K, used 640K [0x0000000785000000, 0x000000078a200000, 0x00000007d7000000)
  object space 83968K, 0% used [0x0000000785000000,0x00000007850a0080,0x000000078a200000)
 PSPermGen       total 21248K, used 6294K [0x000000077aa00000, 0x000000077bec0000, 0x0000000785000000)
  object space 21248K, 29% used [0x000000077aa00000,0x000000077b025a80,0x000000077bec0000)
}

