# JRE version: 7.0_21-b02
# Java VM: OpenJDK 64-Bit Server VM (23.7-b01 mixed mode linux-amd64 compressed oops)
Heap
 PSYoungGen      total 36736K, used 28620K [0x00000007d7000000, 0x00000007d98f0000, 0x0000000800000000)
  eden space 31552K, 88% used [0x00000007d7000000,0x00000007d8b4f040,0x00000007d8ed0000)
  from space 5184K, 12% used [0x00000007d93e0000,0x00000007d9484020,0x00000007d98f0000)
  to   space 5184K, 0% used [0x00000007d8ed0000,0x00000007d8ed0000,0x00000007d93e0000)
 ParOldGen       total 83968K, used 0K [0x0000000785000000, 0x000000078a200000, 0x00000007d7000000)
  object space 83968K, 0% used [0x0000000785000000,0x0000000785000000,0x000000078a200000)
 PSPermGen       total 21248K, used 6294K [0x000000077aa00000, 0x000000077bec0000, 0x0000000785000000)
  object space 21248K, 29% used [0x000000077aa00000,0x000000077b025a80,0x000000077bec0000)
GC Heap History (4 events):
Event: 5.995 GC heap before
{Heap before GC invocations=1 (full 0):
 PSYoungGen      total 36736K, used 31552K [0x00000007d7000000, 0x00000007d98f0000, 0x0000000800000000)
  eden space 31552K, 100% used [0x00000007d7000000,0x00000007d8ed0000,0x00000007d8ed0000)
  from space 5184K, 0% used [0x00000007d93e0000,0x00000007d93e0000,0x00000007d98f0000)
  to   space 5184K, 0% used [0x00000007d8ed0000,0x00000007d8ed0000,0x00000007d93e0000)
 ParOldGen       total 83968K, used 0K [0x0000000785000000, 0x000000078a200000, 0x00000007d7000000)
  object space 83968K, 0% used [0x0000000785000000,0x0000000785000000,0x000000078a200000)
 PSPermGen       total 21248K, used 6294K [0x000000077aa00000, 0x000000077bec0000, 0x0000000785000000)
  object space 21248K, 29% used [0x000000077aa00000,0x000000077b025a80,0x000000077bec0000)
Event: 5.999 GC heap after
Heap after GC invocations=1 (full 0):
 PSYoungGen      total 36736K, used 864K [0x00000007d7000000, 0x00000007d98f0000, 0x0000000800000000)
  eden space 31552K, 0% used [0x00000007d7000000,0x00000007d7000000,0x00000007d8ed0000)
  from space 5184K, 16% used [0x00000007d8ed0000,0x00000007d8fa8030,0x00000007d93e0000)
  to   space 5184K, 0% used [0x00000007d93e0000,0x00000007d93e0000,0x00000007d98f0000)
 ParOldGen       total 83968K, used 0K [0x0000000785000000, 0x000000078a200000, 0x00000007d7000000)
  object space 83968K, 0% used [0x0000000785000000,0x0000000785000000,0x000000078a200000)
 PSPermGen       total 21248K, used 6294K [0x000000077aa00000, 0x000000077bec0000, 0x0000000785000000)
  object space 21248K, 29% used [0x000000077aa00000,0x000000077b025a80,0x000000077bec0000)
}
Event: 12.296 GC heap before
{Heap before GC invocations=2 (full 0):
 PSYoungGen      total 36736K, used 32416K [0x00000007d7000000, 0x00000007d98f0000, 0x0000000800000000)
  eden space 31552K, 100% used [0x00000007d7000000,0x00000007d8ed0000,0x00000007d8ed0000)
  from space 5184K, 16% used [0x00000007d8ed0000,0x00000007d8fa8030,0x00000007d93e0000)
  to   space 5184K, 0% used [0x00000007d93e0000,0x00000007d93e0000,0x00000007d98f0000)
 ParOldGen       total 83968K, used 0K [0x0000000785000000, 0x000000078a200000, 0x00000007d7000000)
  object space 83968K, 0% used [0x0000000785000000,0x0000000785000000,0x000000078a200000)
 PSPermGen       total 21248K, used 6294K [0x000000077aa00000, 0x000000077bec0000, 0x0000000785000000)
  object space 21248K, 29% used [0x000000077aa00000,0x000000077b025a80,0x000000077bec0000)
Event: 12.299 GC heap after
Heap after GC invocations=2 (full 0):
 PSYoungGen      total 36736K, used 656K [0x00000007d7000000, 0x00000007d98f0000, 0x0000000800000000)
  eden space 31552K, 0% used [0x00000007d7000000,0x00000007d7000000,0x00000007d8ed0000)
  from space 5184K, 12% used [0x00000007d93e0000,0x00000007d9484020,0x00000007d98f0000)
  to   space 5184K, 0% used [0x00000007d8ed0000,0x00000007d8ed0000,0x00000007d93e0000)
 ParOldGen       total 83968K, used 0K [0x0000000785000000, 0x000000078a200000, 0x00000007d7000000)
  object space 83968K, 0% used [0x0000000785000000,0x0000000785000000,0x000000078a200000)
 PSPermGen       total 21248K, used 6294K [0x000000077aa00000, 0x000000077bec0000, 0x0000000785000000)
  object space 21248K, 29% used [0x000000077aa00000,0x000000077b025a80,0x000000077bec0000)
}

